[2025-09-10 17:13:22.379] [INFO] Logging initialized | log_file=logs/numerai_20250910_171322.log, console_level=Info, file_level=Debug
[2025-09-10 17:13:22.559] [INFO] Optimized for M4 Max | threads=16, memory_gb=16.0
[2025-09-10 17:13:25.182] [DEBUG] Attempting GraphQL query | attempt=1, max_attempts=5
[2025-09-10 17:13:28.046] [DEBUG] SSL connect: api-tournament.numer.ai:443...
[2025-09-10 17:13:28.048] [DEBUG] TCP connect: api-tournament.numer.ai:443...
[2025-09-10 17:13:28.665] [DEBUG] POST / HTTP/1.1
[2025-09-10 17:13:28.665] [DEBUG] client startwrite
[2025-09-10 17:13:28.686] [DEBUG] 👁  Start write:⏸    0s api-tournament.numer.ai:443:50465 RawFD(22)
[2025-09-10 17:13:28.797] [DEBUG] HTTP.Messages.Request:
"""
POST / HTTP/1.1
x-public-id: ZZVVWAFWGJYDERQSS4GASJGGCXPT4L63
x-secret-key: J373O64I3MLQR4OR5SCMC4H4MHZABCVBNZUVTHGZIHSEGO2XIY5SCAU66JF65TGW
Content-Type: application/json
Host: api-tournament.numer.ai
Accept: */*
User-Agent: HTTP.jl/1.11.6
Content-Length: 158
Accept-Encoding: gzip

{"variables":{},"query":"query {\n    rounds(tournament: 8, take: 5) {\n        number\n        openTime\n        closeTime\n        resolveTime\n    }\n}\n"}"""
[2025-09-10 17:13:29.161] [DEBUG] client startread
[2025-09-10 17:13:29.161] [DEBUG] 👁  Start read: ⏸    0s api-tournament.numer.ai:443:50465 RawFD(22)
[2025-09-10 17:13:29.169] [DEBUG] client closewrite
[2025-09-10 17:13:29.169] [DEBUG] 🗣  Write done: 🔁    0s api-tournament.numer.ai:443:50465 RawFD(22)
[2025-09-10 17:13:29.502] [DEBUG] called process() | code=end, input_size=135, output_size=16384, input_delta=135, output_delta=136
[2025-09-10 17:13:29.512] [DEBUG] client closeread
[2025-09-10 17:13:29.512] [DEBUG] ✉️  Read done: ⏸    0s api-tournament.numer.ai:443:50465 RawFD(22)
[2025-09-10 17:13:29.550] [DEBUG] HTTP/1.1 200 OK <= (POST / HTTP/1.1)
[2025-09-10 17:13:29.579] [DEBUG] HTTP.Messages.Response:
"""
HTTP/1.1 200 OK
Date: Wed, 10 Sep 2025 15:13:29 GMT
Content-Type: application/json; charset=utf-8
Content-Length: 135
Connection: keep-alive
access-control-allow-credentials: true
access-control-allow-origin: null
cache-control: max-age=0, private, must-revalidate
Content-Encoding: gzip
Server: cloudflare
vary: Origin, accept-encoding
x-request-id: GGP0lxM-dlNSYHkAAKSm
Nel: {"report_to":"cf-nel","success_fraction":0.0,"max_age":604800}
cf-cache-status: DYNAMIC
Strict-Transport-Security: max-age=31536000; preload
X-Content-Type-Options: nosniff
Report-To: {"group":"cf-nel","max_age":604800,"endpoints":[{"url":"https://a.nel.cloudflare.com/report/v4?s=00EElkCAA7ESD4RiELO3EXijyeyeapu8aWNxYSZcNrxZMmXPX%2Fg3KN7hCa7loPZ86aACpL3LLigXuycg0tPIxFjsUXqsPfnzkwocCDmG%2BEUNZW%2FX"}]}
CF-RAY: 97cfde9a7c61bc44-ZRH

{"errors":[{"message":"Unknown argument \"take\" on field \"rounds\" of type \"RootQueryType\".","locations":[{"line":2,"column":27}]}]}"""
[2025-09-10 17:13:29.784] [ERROR] Non-retryable error encountered | context=GraphQL query, error=MethodError(Core.kwcall, ((duration = 4.397079944610596,), NumeraiTournament.Logger.log_api_call, "https://api-tournament.numer.ai", "POST", 200), 0x000000000000697b)
